fangyuan/proguard/seeds.txt
com.law.fangyuan.About
com.law.fangyuan.About: About()
com.law.fangyuan.Announce
com.law.fangyuan.Announce: Announce()
com.law.fangyuan.AutoRun
com.law.fangyuan.AutoRun: AutoRun()
com.law.fangyuan.BBS
com.law.fangyuan.BBS: BBS()
com.law.fangyuan.Check
com.law.fangyuan.Check: Check()
com.law.fangyuan.Comment
com.law.fangyuan.Comment: Comment()
com.law.fangyuan.CommentList
com.law.fangyuan.CommentList: CommentList()
com.law.fangyuan.Download
com.law.fangyuan.Download: Download()
com.law.fangyuan.DropDownListView
com.law.fangyuan.DropDownListView: DropDownListView(android.content.Context)
com.law.fangyuan.DropDownListView: DropDownListView(android.content.Context,android.util.AttributeSet)
com.law.fangyuan.DropDownListView: DropDownListView(android.content.Context,android.util.AttributeSet,int)
com.law.fangyuan.DropDownListView: void setDropDownStyle(boolean)
com.law.fangyuan.DropDownListView: void setOnBottomStyle(boolean)
com.law.fangyuan.DropDownListView: void setAutoLoadOnBottom(boolean)
com.law.fangyuan.DropDownListView: void setShowFooterProgressBar(boolean)
com.law.fangyuan.DropDownListView: android.widget.Button getFooterButton()
com.law.fangyuan.DropDownListView: void setAdapter(android.widget.ListAdapter)
com.law.fangyuan.DropDownListView: void setOnScrollListener(android.widget.AbsListView$OnScrollListener)
com.law.fangyuan.DropDownListView: void setOnDropDownListener(com.law.fangyuan.DropDownListView$OnDropDownListener)
com.law.fangyuan.DropDownListView: void setOnBottomListener(android.view.View$OnClickListener)
com.law.fangyuan.DropDownListView: void setIsDropDownStyle(boolean)
com.law.fangyuan.DropDownListView: void setIsOnBottomStyle(boolean)
com.law.fangyuan.DropDownListView: void setIsAutoLoadOnBottom(boolean)
com.law.fangyuan.DropDownListView: void setHeaderSecondText(java.lang.CharSequence)
com.law.fangyuan.DropDownListView: void setHasMore(boolean)
com.law.fangyuan.DropDownListView: float getHeaderPaddingTopRate()
com.law.fangyuan.Laws
com.law.fangyuan.Laws: Laws()
com.law.fangyuan.Lawyer
com.law.fangyuan.Lawyer: Lawyer()
com.law.fangyuan.Loading
com.law.fangyuan.Loading: Loading(android.content.Context,android.util.AttributeSet)
com.law.fangyuan.Main
com.law.fangyuan.Main: Main()
com.law.fangyuan.MemberCenter
com.law.fangyuan.MemberCenter: MemberCenter()
com.law.fangyuan.MemberLogin
com.law.fangyuan.MemberLogin: MemberLogin()
com.law.fangyuan.MemberRegister
com.law.fangyuan.MemberRegister: MemberRegister()
com.law.fangyuan.News
com.law.fangyuan.News: News()
com.law.fangyuan.NewsCollect
com.law.fangyuan.NewsCollect: NewsCollect()
com.law.fangyuan.NewsContent
com.law.fangyuan.NewsContent: NewsContent()
com.law.fangyuan.NewsContent: void ToNews(java.lang.String,java.lang.String)
com.law.fangyuan.NewsPush
com.law.fangyuan.NewsPush: NewsPush()
com.law.fangyuan.NewsRecommend
com.law.fangyuan.NewsRecommend: NewsRecommend()
com.law.fangyuan.Politics
com.law.fangyuan.Politics: Politics()
com.law.fangyuan.PoliticsContent
com.law.fangyuan.PoliticsContent: PoliticsContent()
com.law.fangyuan.R
com.law.fangyuan.R: R()
com.law.fangyuan.R$anim
com.law.fangyuan.R$anim: int bottom_to_top
com.law.fangyuan.R$anim: int in_from_right
com.law.fangyuan.R$anim: int loading
com.law.fangyuan.R$anim: int out_to_left
com.law.fangyuan.R$anim: int slide_in_from_bottom
com.law.fangyuan.R$anim: int slide_in_from_top
com.law.fangyuan.R$anim: int slide_out_to_bottom
com.law.fangyuan.R$anim: int slide_out_to_top
com.law.fangyuan.R$anim: int top_to_bottom
com.law.fangyuan.R$anim: R$anim()
...
cn.sharesdk.wechat.utils.c
cn.sharesdk.wechat.utils.c: cn.sharesdk.wechat.utils.WXMediaMessage a
cn.sharesdk.wechat.utils.c: c(android.os.Bundle)
cn.sharesdk.wechat.utils.c: int a()
cn.sharesdk.wechat.utils.c: void a(android.os.Bundle)
cn.sharesdk.wechat.utils.c: void b(android.os.Bundle)
cn.sharesdk.wechat.utils.d
cn.sharesdk.wechat.utils.d: cn.sharesdk.wechat.utils.WXMediaMessage a
cn.sharesdk.wechat.utils.d: int b
cn.sharesdk.wechat.utils.d: d()
cn.sharesdk.wechat.utils.d: int a()
cn.sharesdk.wechat.utils.d: void a(android.os.Bundle)
cn.sharesdk.wechat.utils.d: boolean b()
cn.sharesdk.wechat.utils.e
cn.sharesdk.wechat.utils.e: e(android.os.Bundle)
cn.sharesdk.wechat.utils.e: int a()
cn.sharesdk.wechat.utils.f
cn.sharesdk.wechat.utils.f: cn.sharesdk.wechat.utils.WXMediaMessage a
cn.sharesdk.wechat.utils.f: f(android.os.Bundle)
cn.sharesdk.wechat.utils.f: int a()
cn.sharesdk.wechat.utils.f: void a(android.os.Bundle)
cn.sharesdk.wechat.utils.f: void b(android.os.Bundle)
cn.sharesdk.wechat.utils.g
cn.sharesdk.wechat.utils.g: android.content.Context a
cn.sharesdk.wechat.utils.g: java.lang.String b
cn.sharesdk.wechat.utils.g: g()
cn.sharesdk.wechat.utils.g: boolean a(android.content.Context,java.lang.String)
cn.sharesdk.wechat.utils.g: void a(cn.sharesdk.wechat.utils.i)
cn.sharesdk.wechat.utils.g: boolean a()
cn.sharesdk.wechat.utils.g: boolean c()
cn.sharesdk.wechat.utils.g: byte[] a(java.lang.String,java.lang.String,int)
cn.sharesdk.wechat.utils.g: java.lang.String a(java.lang.String)
cn.sharesdk.wechat.utils.g: boolean b()
cn.sharesdk.wechat.utils.g: boolean a(cn.sharesdk.wechat.utils.WechatHandlerActivity,cn.sharesdk.wechat.utils.h)
cn.sharesdk.wechat.utils.g: boolean a(byte[],byte[])
cn.sharesdk.wechat.utils.h
cn.sharesdk.wechat.utils.h: cn.sharesdk.framework.Platform a
cn.sharesdk.wechat.utils.h: cn.sharesdk.framework.Platform$ShareParams b
cn.sharesdk.wechat.utils.h: cn.sharesdk.framework.PlatformActionListener c
cn.sharesdk.wechat.utils.h: cn.sharesdk.framework.authorize.AuthorizeListener d
cn.sharesdk.wechat.utils.h: h(cn.sharesdk.framework.Platform)
cn.sharesdk.wechat.utils.h: void a(cn.sharesdk.framework.authorize.AuthorizeListener)
cn.sharesdk.wechat.utils.h: void a(cn.sharesdk.framework.Platform$ShareParams,cn.sharesdk.framework.PlatformActionListener)
cn.sharesdk.wechat.utils.h: void a(cn.sharesdk.wechat.utils.WechatResp)
cn.sharesdk.wechat.utils.h: cn.sharesdk.framework.Platform$ShareParams a()
cn.sharesdk.wechat.utils.h: cn.sharesdk.framework.Platform b()
cn.sharesdk.wechat.utils.h: cn.sharesdk.framework.PlatformActionListener c()
cn.sharesdk.wechat.utils.i
cn.sharesdk.wechat.utils.i: java.lang.String c
cn.sharesdk.wechat.utils.i: i()
cn.sharesdk.wechat.utils.i: int a()
cn.sharesdk.wechat.utils.i: void a(android.os.Bundle)
cn.sharesdk.wechat.utils.i: boolean b()