fangyuan/proguard/usage.txt
com.law.fangyuan.AMenu:
    26:26:public AMenu()
    225:226:public static int px2dip(android.content.Context,float)
    231:250:public java.lang.String MD5(java.lang.String)
    256:262:public static int getPhoneAndroidSDK()
    266:309:public static java.lang.String stripTags(java.lang.String)
com.law.fangyuan.Base64
com.law.fangyuan.BuildConfig
com.law.fangyuan.Download1
com.law.fangyuan.Download1$DownloadCompleteReceiver
com.law.fangyuan.DropDownListView:
    public static final int HEADER_STATUS_CLICK_TO_LOAD
    public static final int HEADER_STATUS_DROP_DOWN_TO_LOAD
    public static final int HEADER_STATUS_RELEASE_TO_LOAD
    public static final int HEADER_STATUS_LOADING
    228:228:public boolean isDropDownStyle()
    245:245:public boolean isOnBottomStyle()
    262:262:public boolean isAutoLoadOnBottom()
    280:280:public boolean isShowFooterProgressBar()
    595:595:public boolean isHasMore()
com.law.fangyuan.FileCache:
    public static final java.lang.String ENCODING
    75:79:public java.lang.Boolean delete(java.lang.String)
com.law.fangyuan.Focus:
    42:45:public Focus(android.content.Context,android.util.AttributeSet)
com.law.fangyuan.NewsContent:
    161:213:private void showShare(boolean,java.lang.String)
    218:240:protected void shareAction()
com.law.fangyuan.NewsContent$4
com.law.fangyuan.PoliticsContent:
    262:270:public void ToNews(java.lang.String,java.lang.String)
com.law.fangyuan.SlidingLayout:
    public static final int LEFT
    public static final int RIGHT
    public static final int MIDDLE
    private android.widget.LinearLayout childLayout
    private boolean fling
    private static final int INVALID_POINTER
    77:78:public void addChildView(android.view.View)
    278:284:public boolean onFling(android.view.MotionEvent,android.view.MotionEvent,float,float)
com.law.fangyuan.Update:
    55:60:public java.lang.Boolean getType()
com.law.fangyuan.WXEntryActivity
com.law.fangyuan.modify.ApplicationEntity
com.law.fangyuan.modify.ColumnHorizontalScrollView:
    83:108:public void shade_ShowOrHide()
com.law.fangyuan.modify.Constants:
    25:26:private Constants()
    93:107:public static java.util.ArrayList getOneData()
com.law.fangyuan.modify.Constants$Config
com.law.fangyuan.modify.Constants$Extra
com.law.fangyuan.modify.GOSHelper:
    public static final java.lang.String ENCODING
    public static final java.lang.String FILE
    30:30:public GOSHelper()
    41:58:public static java.lang.String convertStreamToString(java.io.InputStream)
    63:73:public static java.lang.String getExternDir()
    78:93:public static boolean deleteFiles(java.lang.String)
    98:107:public static boolean fileIsExists(java.lang.String)
    120:122:public static java.lang.String getSharePreStr(android.content.Context,java.lang.String)
    126:128:public static int getSharePreInt(android.content.Context,java.lang.String)
    133:135:public static boolean getSharePreBoolean(android.content.Context,java.lang.String)
    139:141:public static void putSharePre(android.content.Context,java.lang.String,java.lang.String)
    144:146:public static void putSharePre(android.content.Context,java.lang.String,int)
    150:152:public static void putSharePre(android.content.Context,java.lang.String,java.lang.Boolean)
    160:164:public static void showMsg(android.content.Context,java.lang.String)
    167:174:public static java.lang.String isNull(org.json.JSONObject,java.lang.String)
    178:180:public static java.lang.String getUUID()
    186:196:public static void writeFileSdcardFile(java.lang.String,java.lang.String)
    201:218:public static java.lang.String readFileSdcardFile(java.lang.String)
    223:251:public static void storeImageInSD(java.lang.String,android.graphics.Bitmap)
com.law.fangyuan.modify.ImageHelper
com.law.fangyuan.modify.MyListView
com.law.fangyuan.modify.MyListView$YScrollDetector
...
com.nostra13.universalimageloader.core.DisplayImageOptions
com.nostra13.universalimageloader.core.DisplayImageOptions$1
com.nostra13.universalimageloader.core.DisplayImageOptions$Builder
com.nostra13.universalimageloader.core.ImageLoader
com.nostra13.universalimageloader.core.ImageLoaderConfiguration
com.nostra13.universalimageloader.core.ImageLoaderConfiguration$1
com.nostra13.universalimageloader.core.ImageLoaderConfiguration$Builder
com.nostra13.universalimageloader.core.ImageLoaderEngine
com.nostra13.universalimageloader.core.ImageLoaderEngine$1
com.nostra13.universalimageloader.core.ImageLoadingInfo
com.nostra13.universalimageloader.core.LoadAndDisplayImageTask
com.nostra13.universalimageloader.core.LoadAndDisplayImageTask$1
com.nostra13.universalimageloader.core.LoadAndDisplayImageTask$2
com.nostra13.universalimageloader.core.LoadAndDisplayImageTask$3
com.nostra13.universalimageloader.core.LoadAndDisplayImageTask$TaskCancelledException
com.nostra13.universalimageloader.core.ProcessAndDisplayImageTask
com.nostra13.universalimageloader.core.assist.ContentLengthInputStream
com.nostra13.universalimageloader.core.assist.FailReason
com.nostra13.universalimageloader.core.assist.FailReason$FailType
com.nostra13.universalimageloader.core.assist.FlushedInputStream
com.nostra13.universalimageloader.core.assist.ImageScaleType
com.nostra13.universalimageloader.core.assist.ImageSize
com.nostra13.universalimageloader.core.assist.LoadedFrom
com.nostra13.universalimageloader.core.assist.QueueProcessingType
com.nostra13.universalimageloader.core.assist.ViewScaleType
com.nostra13.universalimageloader.core.assist.ViewScaleType$1
com.nostra13.universalimageloader.core.assist.deque.BlockingDeque
com.nostra13.universalimageloader.core.assist.deque.Deque
com.nostra13.universalimageloader.core.assist.deque.LIFOLinkedBlockingDeque
com.nostra13.universalimageloader.core.assist.deque.LinkedBlockingDeque
com.nostra13.universalimageloader.core.assist.deque.LinkedBlockingDeque$1
com.nostra13.universalimageloader.core.assist.deque.LinkedBlockingDeque$AbstractItr
com.nostra13.universalimageloader.core.assist.deque.LinkedBlockingDeque$DescendingItr
com.nostra13.universalimageloader.core.assist.deque.LinkedBlockingDeque$Itr
com.nostra13.universalimageloader.core.assist.deque.LinkedBlockingDeque$Node
com.nostra13.universalimageloader.core.decode.BaseImageDecoder
com.nostra13.universalimageloader.core.decode.BaseImageDecoder$ExifInfo
com.nostra13.universalimageloader.core.decode.BaseImageDecoder$ImageFileInfo
com.nostra13.universalimageloader.core.decode.ImageDecoder
com.nostra13.universalimageloader.core.decode.ImageDecodingInfo
com.nostra13.universalimageloader.core.display.BitmapDisplayer
com.nostra13.universalimageloader.core.display.FadeInBitmapDisplayer
com.nostra13.universalimageloader.core.display.RoundedBitmapDisplayer
com.nostra13.universalimageloader.core.display.RoundedBitmapDisplayer$RoundedDrawable
com.nostra13.universalimageloader.core.display.RoundedVignetteBitmapDisplayer
com.nostra13.universalimageloader.core.display.RoundedVignetteBitmapDisplayer$RoundedVignetteDrawable
com.nostra13.universalimageloader.core.display.SimpleBitmapDisplayer
com.nostra13.universalimageloader.core.download.BaseImageDownloader
com.nostra13.universalimageloader.core.download.BaseImageDownloader$1
com.nostra13.universalimageloader.core.download.HttpClientImageDownloader
com.nostra13.universalimageloader.core.download.ImageDownloader
com.nostra13.universalimageloader.core.download.ImageDownloader$Scheme
com.nostra13.universalimageloader.core.download.NetworkDeniedImageDownloader
com.nostra13.universalimageloader.core.download.NetworkDeniedImageDownloader$1
com.nostra13.universalimageloader.core.download.SlowNetworkImageDownloader
com.nostra13.universalimageloader.core.download.SlowNetworkImageDownloader$1
com.nostra13.universalimageloader.core.imageaware.ImageAware
com.nostra13.universalimageloader.core.imageaware.ImageNonViewAware